Mon Mar 12 2018 11:38:49 GMT+0530 (India Standard Time): GET /about
Mon Mar 12 2018 11:38:58 GMT+0530 (India Standard Time): GET /home
Mon Mar 12 2018 11:39:02 GMT+0530 (India Standard Time): GET /
Mon Mar 12 2018 11:42:41 GMT+0530 (India Standard Time): GET /
Mon Mar 12 2018 11:42:54 GMT+0530 (India Standard Time): GET /about
Mon Mar 12 2018 11:43:13 GMT+0530 (India Standard Time): GET /about
Mon Mar 12 2018 11:43:23 GMT+0530 (India Standard Time): GET /about
Mon Mar 12 2018 11:43:45 GMT+0530 (India Standard Time): GET /about
Mon Mar 12 2018 11:43:45 GMT+0530 (India Standard Time): GET /about
Mon Mar 12 2018 11:43:45 GMT+0530 (India Standard Time): GET /about
Mon Mar 12 2018 11:46:22 GMT+0530 (India Standard Time): GET /help.html
Mon Mar 12 2018 11:46:26 GMT+0530 (India Standard Time): GET /about
Tue Mar 13 2018 00:35:29 GMT+0530 (India Standard Time): GET /
Tue Mar 13 2018 00:35:30 GMT+0530 (India Standard Time): GET /favicon.ico
Tue Mar 13 2018 00:35:32 GMT+0530 (India Standard Time): GET /project
Tue Mar 13 2018 00:35:34 GMT+0530 (India Standard Time): GET /about
Tue Mar 13 2018 00:35:35 GMT+0530 (India Standard Time): GET /home
Tue Mar 13 2018 00:35:46 GMT+0530 (India Standard Time): GET /about
Tue Mar 13 2018 00:35:47 GMT+0530 (India Standard Time): GET /
Tue Mar 13 2018 00:35:49 GMT+0530 (India Standard Time): GET /about
Tue Mar 13 2018 00:35:49 GMT+0530 (India Standard Time): GET /project
Tue Mar 13 2018 00:38:58 GMT+0530 (India Standard Time): GET /project
Tue Mar 13 2018 00:39:01 GMT+0530 (India Standard Time): GET /projects
Tue Mar 13 2018 00:39:02 GMT+0530 (India Standard Time): GET /
Tue Mar 13 2018 00:39:02 GMT+0530 (India Standard Time): GET /about
Tue Mar 13 2018 00:39:03 GMT+0530 (India Standard Time): GET /project
Tue Mar 13 2018 00:39:14 GMT+0530 (India Standard Time): GET /project
Tue Mar 13 2018 00:39:16 GMT+0530 (India Standard Time): GET /projects
Tue Mar 13 2018 00:39:17 GMT+0530 (India Standard Time): GET /
Tue Mar 13 2018 00:39:18 GMT+0530 (India Standard Time): GET /about
Tue Mar 13 2018 00:39:18 GMT+0530 (India Standard Time): GET /projects
Tue Mar 13 2018 11:03:50 GMT+0530 (India Standard Time): GET /
Tue Mar 13 2018 11:04:20 GMT+0530 (India Standard Time): GET /
Tue Mar 13 2018 11:05:40 GMT+0530 (India Standard Time): GET /
Tue Mar 13 2018 11:06:45 GMT+0530 (India Standard Time): GET /
Tue Mar 13 2018 11:10:29 GMT+0530 (India Standard Time): GET /
Tue Mar 13 2018 11:24:05 GMT+0530 (India Standard Time): GET /
Tue Mar 13 2018 11:24:05 GMT+0530 (India Standard Time): GET /favicon.ico
Tue Mar 13 2018 11:24:22 GMT+0530 (India Standard Time): GET /
Tue Mar 13 2018 11:24:23 GMT+0530 (India Standard Time): GET /
Tue Mar 13 2018 11:24:33 GMT+0530 (India Standard Time): GET /
Tue Mar 13 2018 11:24:33 GMT+0530 (India Standard Time): GET /
Tue Mar 13 2018 11:24:34 GMT+0530 (India Standard Time): GET /
Tue Mar 13 2018 11:24:34 GMT+0530 (India Standard Time): GET /
Tue Mar 13 2018 11:24:34 GMT+0530 (India Standard Time): GET /
Tue Mar 13 2018 11:24:34 GMT+0530 (India Standard Time): GET /
Tue Mar 13 2018 11:24:34 GMT+0530 (India Standard Time): GET /
Tue Mar 13 2018 11:24:34 GMT+0530 (India Standard Time): GET /
Tue Mar 13 2018 11:24:35 GMT+0530 (India Standard Time): GET /
Tue Mar 13 2018 11:24:50 GMT+0530 (India Standard Time): GET /
Tue Mar 13 2018 11:24:51 GMT+0530 (India Standard Time): GET /
Tue Mar 13 2018 11:24:51 GMT+0530 (India Standard Time): GET /
Tue Mar 13 2018 11:24:51 GMT+0530 (India Standard Time): GET /
Tue Mar 13 2018 11:25:07 GMT+0530 (India Standard Time): GET /
Tue Mar 13 2018 11:25:07 GMT+0530 (India Standard Time): GET /
Tue Mar 13 2018 11:25:08 GMT+0530 (India Standard Time): GET /
Tue Mar 13 2018 11:25:08 GMT+0530 (India Standard Time): GET /about
Tue Mar 13 2018 11:25:09 GMT+0530 (India Standard Time): GET /projects
Tue Mar 13 2018 11:26:26 GMT+0530 (India Standard Time): GET /projects
Tue Mar 13 2018 11:26:27 GMT+0530 (India Standard Time): GET /projects
Tue Mar 13 2018 11:27:01 GMT+0530 (India Standard Time): GET /projects
